<?xml version="1.0" encoding="UTF-8"?>
<!-- Generated by org.testng.reporters.JUnitXMLReporter -->
<testsuite ignored="0" hostname="LAPTOP-O0MMQ8B3" failures="1" tests="2" name="Test" time="0.093" errors="0" timestamp="2021-11-13T18:39:46 IST">
  <testcase classname="ecommerceTesting.UsrAccCreateAndValdTest" name="@AfterTest driverclose" time="0.001">
    <failure type="java.lang.NullPointerException">
      <![CDATA[java.lang.NullPointerException
at ecommerceTesting.UsrAccCreateAndValdTest.driverclose(UsrAccCreateAndValdTest.java:93)
... Removed 24 stack frames]]>
    </failure>
  </testcase> <!-- @AfterTest driverclose -->
  <testcase classname="ecommerceTesting.UsrAccCreateAndValdTest" name="newUsrTest" time="0.018"/>
  <testcase classname="ecommerceTesting.UsrAccCreateAndValdTest" name="newUsrTest" time="0.045">
    <failure type="java.lang.NullPointerException">
      <![CDATA[java.lang.NullPointerException
at resources.Base.getScreenshot(Base.java:81)
at ecommerceTesting.Listeners.onTestSuccess(Listeners.java:53)
at java.base/java.util.concurrent.ThreadPoolExecutor.runWorker(ThreadPoolExecutor.java:1130)
at java.base/java.util.concurrent.ThreadPoolExecutor$Worker.run(ThreadPoolExecutor.java:630)
at java.base/java.lang.Thread.run(Thread.java:832)
... Removed 9 stack frames]]>
    </failure>
  </testcase> <!-- newUsrTest -->
</testsuite> <!-- Test -->
