<?xml version="1.0" encoding="UTF-8"?>
<testng-results ignored="0" total="3" passed="2" failed="1" skipped="0">
  <reporter-output>
  </reporter-output>
  <suite started-at="2021-11-17T22:00:50 IST" name="Suite" finished-at="2021-11-17T22:02:16 IST" duration-ms="86427">
    <groups>
    </groups>
    <test started-at="2021-11-17T22:00:50 IST" name="Test" finished-at="2021-11-17T22:02:16 IST" duration-ms="86427">
      <class name="ecommerceTesting.UsrAccCreateAndValdTest">
        <test-method is-config="true" signature="testDriverInit()[pri:0, instance:ecommerceTesting.UsrAccCreateAndValdTest@16746061]" started-at="2021-11-17T22:00:51 IST" name="testDriverInit" finished-at="2021-11-17T22:00:53 IST" duration-ms="2849" status="PASS">
          <reporter-output>
          </reporter-output>
        </test-method> <!-- testDriverInit -->
        <test-method signature="newUsrTest(java.lang.String,java.lang.String,java.lang.String,java.lang.String,java.lang.String,java.lang.String,java.lang.String,java.lang.String,java.lang.String,java.lang.String,java.lang.String)[pri:0, instance:ecommerceTesting.UsrAccCreateAndValdTest@16746061]" started-at="2021-11-17T22:00:53 IST" name="newUsrTest" data-provider="userinfoxl" finished-at="2021-11-17T22:01:14 IST" duration-ms="20859" status="PASS">
          <params>
            <param index="0">
              <value>
                <![CDATA[firestickeyuio@gm.c]]>
              </value>
            </param>
            <param index="1">
              <value>
                <![CDATA[Mr]]>
              </value>
            </param>
            <param index="2">
              <value>
                <![CDATA[Rao]]>
              </value>
            </param>
            <param index="3">
              <value>
                <![CDATA[Raj]]>
              </value>
            </param>
            <param index="4">
              <value>
                <![CDATA[qwerty]]>
              </value>
            </param>
            <param index="5">
              <value>
                <![CDATA[asdfgh]]>
              </value>
            </param>
            <param index="6">
              <value>
                <![CDATA[htfd]]>
              </value>
            </param>
            <param index="7">
              <value>
                <![CDATA[Delaware]]>
              </value>
            </param>
            <param index="8">
              <value>
                <![CDATA[00000]]>
              </value>
            </param>
            <param index="9">
              <value>
                <![CDATA[askjfhkjasf]]>
              </value>
            </param>
            <param index="10">
              <value>
                <![CDATA[1234567890]]>
              </value>
            </param>
          </params>
          <reporter-output>
          </reporter-output>
        </test-method> <!-- newUsrTest -->
        <test-method is-config="true" signature="driverclose()[pri:0, instance:ecommerceTesting.UsrAccCreateAndValdTest@16746061]" started-at="2021-11-17T22:01:15 IST" name="driverclose" finished-at="2021-11-17T22:01:15 IST" duration-ms="246" status="PASS">
          <reporter-output>
          </reporter-output>
        </test-method> <!-- driverclose -->
        <test-method is-config="true" signature="testDriverInit()[pri:0, instance:ecommerceTesting.UsrAccCreateAndValdTest@16746061]" started-at="2021-11-17T22:01:15 IST" name="testDriverInit" finished-at="2021-11-17T22:01:17 IST" duration-ms="1864" status="PASS">
          <reporter-output>
          </reporter-output>
        </test-method> <!-- testDriverInit -->
        <test-method signature="newUsrTest(java.lang.String,java.lang.String,java.lang.String,java.lang.String,java.lang.String,java.lang.String,java.lang.String,java.lang.String,java.lang.String,java.lang.String,java.lang.String)[pri:0, instance:ecommerceTesting.UsrAccCreateAndValdTest@16746061]" started-at="2021-11-17T22:01:17 IST" name="newUsrTest" data-provider="userinfoxl" finished-at="2021-11-17T22:01:52 IST" duration-ms="35272" status="FAIL">
          <params>
            <param index="0">
              <value>
                <![CDATA[restsoapiopiu@gm.co]]>
              </value>
            </param>
            <param index="1">
              <value>
                <![CDATA[Mrs]]>
              </value>
            </param>
            <param index="2">
              <value>
                <![CDATA[Raven]]>
              </value>
            </param>
            <param index="3">
              <value>
                <![CDATA[Raji]]>
              </value>
            </param>
            <param index="4">
              <value>
                <![CDATA[qwerty]]>
              </value>
            </param>
            <param index="5">
              <value>
                <![CDATA[asdfgh]]>
              </value>
            </param>
            <param index="6">
              <value>
                <![CDATA[htfd]]>
              </value>
            </param>
            <param index="7">
              <value>
                <![CDATA[Connecticut]]>
              </value>
            </param>
            <param index="8">
              <value>
                <![CDATA[aaaaa]]>
              </value>
            </param>
            <param index="9">
              <value>
                <![CDATA[askjfhkjasf]]>
              </value>
            </param>
            <param index="10">
              <value>
                <![CDATA[1234567890]]>
              </value>
            </param>
          </params>
          <exception class="org.openqa.selenium.NoSuchElementException">
            <message>
              <![CDATA[no such element: Unable to locate element: {"method":"css selector","selector":".account"}
  (Session info: chrome=95.0.4638.69)
For documentation on this error, please visit: https://www.seleniumhq.org/exceptions/no_such_element.html
Build info: version: '3.141.59', revision: 'e82be7d358', time: '2018-11-14T08:17:03'
System info: host: 'LAPTOP-O0MMQ8B3', ip: '192.168.1.10', os.name: 'Windows 10', os.arch: 'amd64', os.version: '10.0', java.version: '14.0.2'
Driver info: org.openqa.selenium.chrome.ChromeDriver
Capabilities {acceptInsecureCerts: false, browserName: chrome, browserVersion: 95.0.4638.69, chrome: {chromedriverVersion: 95.0.4638.69 (6a1600ed572fe..., userDataDir: C:\Users\KANDAN~1\AppData\L...}, goog:chromeOptions: {debuggerAddress: localhost:56981}, javascriptEnabled: true, networkConnectionEnabled: false, pageLoadStrategy: normal, platform: WINDOWS, platformName: WINDOWS, proxy: Proxy(), setWindowRect: true, strictFileInteractability: false, timeouts: {implicit: 0, pageLoad: 300000, script: 30000}, unhandledPromptBehavior: dismiss and notify, webauthn:extension:credBlob: true, webauthn:extension:largeBlob: true, webauthn:virtualAuthenticators: true}
Session ID: 1de27847721badd10bc047039c26e280
*** Element info: {Using=class name, value=account}]]>
            </message>
            <full-stacktrace>
              <![CDATA[org.openqa.selenium.NoSuchElementException: no such element: Unable to locate element: {"method":"css selector","selector":".account"}
  (Session info: chrome=95.0.4638.69)
For documentation on this error, please visit: https://www.seleniumhq.org/exceptions/no_such_element.html
Build info: version: '3.141.59', revision: 'e82be7d358', time: '2018-11-14T08:17:03'
System info: host: 'LAPTOP-O0MMQ8B3', ip: '192.168.1.10', os.name: 'Windows 10', os.arch: 'amd64', os.version: '10.0', java.version: '14.0.2'
Driver info: org.openqa.selenium.chrome.ChromeDriver
Capabilities {acceptInsecureCerts: false, browserName: chrome, browserVersion: 95.0.4638.69, chrome: {chromedriverVersion: 95.0.4638.69 (6a1600ed572fe..., userDataDir: C:\Users\KANDAN~1\AppData\L...}, goog:chromeOptions: {debuggerAddress: localhost:56981}, javascriptEnabled: true, networkConnectionEnabled: false, pageLoadStrategy: normal, platform: WINDOWS, platformName: WINDOWS, proxy: Proxy(), setWindowRect: true, strictFileInteractability: false, timeouts: {implicit: 0, pageLoad: 300000, script: 30000}, unhandledPromptBehavior: dismiss and notify, webauthn:extension:credBlob: true, webauthn:extension:largeBlob: true, webauthn:virtualAuthenticators: true}
Session ID: 1de27847721badd10bc047039c26e280
*** Element info: {Using=class name, value=account}
at java.base/jdk.internal.reflect.NativeConstructorAccessorImpl.newInstance0(Native Method)
at java.base/jdk.internal.reflect.NativeConstructorAccessorImpl.newInstance(NativeConstructorAccessorImpl.java:62)
at java.base/jdk.internal.reflect.DelegatingConstructorAccessorImpl.newInstance(DelegatingConstructorAccessorImpl.java:45)
at java.base/java.lang.reflect.Constructor.newInstanceWithCaller(Constructor.java:500)
at java.base/java.lang.reflect.Constructor.newInstance(Constructor.java:481)
at org.openqa.selenium.remote.http.W3CHttpResponseCodec.createException(W3CHttpResponseCodec.java:187)
at org.openqa.selenium.remote.http.W3CHttpResponseCodec.decode(W3CHttpResponseCodec.java:122)
at org.openqa.selenium.remote.http.W3CHttpResponseCodec.decode(W3CHttpResponseCodec.java:49)
at org.openqa.selenium.remote.HttpCommandExecutor.execute(HttpCommandExecutor.java:158)
at org.openqa.selenium.remote.service.DriverCommandExecutor.execute(DriverCommandExecutor.java:83)
at org.openqa.selenium.remote.RemoteWebDriver.execute(RemoteWebDriver.java:552)
at org.openqa.selenium.remote.RemoteWebDriver.findElement(RemoteWebDriver.java:323)
at org.openqa.selenium.remote.RemoteWebDriver.findElementByClassName(RemoteWebDriver.java:412)
at org.openqa.selenium.By$ByClassName.findElement(By.java:389)
at org.openqa.selenium.remote.RemoteWebDriver.findElement(RemoteWebDriver.java:315)
at pageObjects.UserHomePage.getUserTitle(UserHomePage.java:26)
at ecommerceTesting.UsrAccCreateAndValdTest.newUsrTest(UsrAccCreateAndValdTest.java:84)
at java.base/jdk.internal.reflect.NativeMethodAccessorImpl.invoke0(Native Method)
at java.base/jdk.internal.reflect.NativeMethodAccessorImpl.invoke(NativeMethodAccessorImpl.java:62)
at java.base/jdk.internal.reflect.DelegatingMethodAccessorImpl.invoke(DelegatingMethodAccessorImpl.java:43)
at java.base/java.lang.reflect.Method.invoke(Method.java:564)
at org.testng.internal.MethodInvocationHelper.invokeMethod(MethodInvocationHelper.java:133)
at org.testng.internal.TestInvoker.invokeMethod(TestInvoker.java:598)
at org.testng.internal.TestInvoker.invokeTestMethod(TestInvoker.java:173)
at org.testng.internal.MethodRunner.runInSequence(MethodRunner.java:46)
at org.testng.internal.TestInvoker$MethodInvocationAgent.invoke(TestInvoker.java:824)
at org.testng.internal.TestInvoker.invokeTestMethods(TestInvoker.java:146)
at org.testng.internal.TestMethodWorker.invokeTestMethods(TestMethodWorker.java:146)
at org.testng.internal.TestMethodWorker.run(TestMethodWorker.java:128)
at java.base/java.util.ArrayList.forEach(ArrayList.java:1511)
at org.testng.TestRunner.privateRun(TestRunner.java:794)
at org.testng.TestRunner.run(TestRunner.java:596)
at org.testng.SuiteRunner.runTest(SuiteRunner.java:377)
at org.testng.SuiteRunner.runSequentially(SuiteRunner.java:371)
at org.testng.SuiteRunner.privateRun(SuiteRunner.java:332)
at org.testng.SuiteRunner.run(SuiteRunner.java:276)
at org.testng.SuiteRunnerWorker.runSuite(SuiteRunnerWorker.java:53)
at org.testng.SuiteRunnerWorker.run(SuiteRunnerWorker.java:96)
at org.testng.TestNG.runSuitesSequentially(TestNG.java:1212)
at org.testng.TestNG.runSuitesLocally(TestNG.java:1134)
at org.testng.TestNG.runSuites(TestNG.java:1063)
at org.testng.TestNG.run(TestNG.java:1031)
at org.apache.maven.surefire.testng.TestNGExecutor.run(TestNGExecutor.java:283)
at org.apache.maven.surefire.testng.TestNGXmlTestSuite.execute(TestNGXmlTestSuite.java:75)
at org.apache.maven.surefire.testng.TestNGProvider.invoke(TestNGProvider.java:120)
at org.apache.maven.surefire.booter.ForkedBooter.invokeProviderInSameClassLoader(ForkedBooter.java:384)
at org.apache.maven.surefire.booter.ForkedBooter.runSuitesInProcess(ForkedBooter.java:345)
at org.apache.maven.surefire.booter.ForkedBooter.execute(ForkedBooter.java:126)
at org.apache.maven.surefire.booter.ForkedBooter.main(ForkedBooter.java:418)
]]>
            </full-stacktrace>
          </exception> <!-- org.openqa.selenium.NoSuchElementException -->
          <reporter-output>
          </reporter-output>
        </test-method> <!-- newUsrTest -->
        <test-method is-config="true" signature="driverclose()[pri:0, instance:ecommerceTesting.UsrAccCreateAndValdTest@16746061]" started-at="2021-11-17T22:01:53 IST" name="driverclose" finished-at="2021-11-17T22:01:53 IST" duration-ms="229" status="PASS">
          <reporter-output>
          </reporter-output>
        </test-method> <!-- driverclose -->
        <test-method is-config="true" signature="testDriverInit()[pri:0, instance:ecommerceTesting.UsrAccCreateAndValdTest@16746061]" started-at="2021-11-17T22:01:53 IST" name="testDriverInit" finished-at="2021-11-17T22:01:55 IST" duration-ms="1898" status="PASS">
          <reporter-output>
          </reporter-output>
        </test-method> <!-- testDriverInit -->
        <test-method signature="newUsrTest(java.lang.String,java.lang.String,java.lang.String,java.lang.String,java.lang.String,java.lang.String,java.lang.String,java.lang.String,java.lang.String,java.lang.String,java.lang.String)[pri:0, instance:ecommerceTesting.UsrAccCreateAndValdTest@16746061]" started-at="2021-11-17T22:01:55 IST" name="newUsrTest" data-provider="userinfoxl" finished-at="2021-11-17T22:02:16 IST" duration-ms="21429" status="PASS">
          <params>
            <param index="0">
              <value>
                <![CDATA[sssgtesgttry@gmail.com]]>
              </value>
            </param>
            <param index="1">
              <value>
                <![CDATA[Mr]]>
              </value>
            </param>
            <param index="2">
              <value>
                <![CDATA[Thir]]>
              </value>
            </param>
            <param index="3">
              <value>
                <![CDATA[Per]]>
              </value>
            </param>
            <param index="4">
              <value>
                <![CDATA[qwerty]]>
              </value>
            </param>
            <param index="5">
              <value>
                <![CDATA[asaf]]>
              </value>
            </param>
            <param index="6">
              <value>
                <![CDATA[fsf]]>
              </value>
            </param>
            <param index="7">
              <value>
                <![CDATA[Arizona]]>
              </value>
            </param>
            <param index="8">
              <value>
                <![CDATA[00000]]>
              </value>
            </param>
            <param index="9">
              <value>
                <![CDATA[asfaf]]>
              </value>
            </param>
            <param index="10">
              <value>
                <![CDATA[1234567890]]>
              </value>
            </param>
          </params>
          <reporter-output>
          </reporter-output>
        </test-method> <!-- newUsrTest -->
        <test-method is-config="true" signature="driverclose()[pri:0, instance:ecommerceTesting.UsrAccCreateAndValdTest@16746061]" started-at="2021-11-17T22:02:16 IST" name="driverclose" finished-at="2021-11-17T22:02:16 IST" duration-ms="69" status="PASS">
          <reporter-output>
          </reporter-output>
        </test-method> <!-- driverclose -->
      </class> <!-- ecommerceTesting.UsrAccCreateAndValdTest -->
    </test> <!-- Test -->
  </suite> <!-- Suite -->
</testng-results>
